[ 2015-06-18T11:24:08+08:00 ] 127.0.0.1 /Admin/Login/checkCode
INFO: [ app_begin ] --START--
INFO: Run Behavior\ReadHtmlCacheBehavior [ RunTime:0.000403s ]
INFO: [ app_begin ] --END-- [ RunTime:0.000705s ]
INFO: [ app_end ] --START--
INFO: Run Behavior\ShowPageTraceBehavior [ RunTime:0.000410s ]
INFO: [ app_end ] --END-- [ RunTime:0.000464s ]

[ 2015-06-18T11:24:11+08:00 ] 127.0.0.1 /Admin/Login/checkCode
INFO: [ app_begin ] --START--
INFO: Run Behavior\ReadHtmlCacheBehavior [ RunTime:0.000253s ]
INFO: [ app_begin ] --END-- [ RunTime:0.000433s ]
INFO: [ app_end ] --START--
INFO: Run Behavior\ShowPageTraceBehavior [ RunTime:0.000258s ]
INFO: [ app_end ] --END-- [ RunTime:0.000285s ]

[ 2015-06-18T11:49:40+08:00 ] 127.0.0.1 /Admin/Login/checkCode
INFO: [ app_begin ] --START--
INFO: Run Behavior\ReadHtmlCacheBehavior [ RunTime:0.000269s ]
INFO: [ app_begin ] --END-- [ RunTime:0.000487s ]
INFO: [ app_end ] --START--
INFO: Run Behavior\ShowPageTraceBehavior [ RunTime:0.000268s ]
INFO: [ app_end ] --END-- [ RunTime:0.000294s ]

[ 2015-06-18T11:50:39+08:00 ] 127.0.0.1 /Admin/Login/checkCode
INFO: [ app_begin ] --START--
INFO: Run Behavior\ReadHtmlCacheBehavior [ RunTime:0.000703s ]
INFO: [ app_begin ] --END-- [ RunTime:0.001181s ]
INFO: [ app_end ] --START--
INFO: Run Behavior\ShowPageTraceBehavior [ RunTime:0.000618s ]
INFO: [ app_end ] --END-- [ RunTime:0.000676s ]

[ 2015-06-18T11:52:21+08:00 ] 127.0.0.1 /Admin/Login/checkCode
INFO: [ app_begin ] --START--
INFO: Run Behavior\ReadHtmlCacheBehavior [ RunTime:0.000316s ]
INFO: [ app_begin ] --END-- [ RunTime:0.000540s ]
INFO: [ app_end ] --START--
INFO: Run Behavior\ShowPageTraceBehavior [ RunTime:0.000274s ]
INFO: [ app_end ] --END-- [ RunTime:0.000302s ]

[ 2015-06-18T11:59:27+08:00 ] 127.0.0.1 /Admin/Login/checkCode
INFO: [ app_begin ] --START--
INFO: Run Behavior\ReadHtmlCacheBehavior [ RunTime:0.000255s ]
INFO: [ app_begin ] --END-- [ RunTime:0.000427s ]
INFO: [ app_end ] --START--
INFO: Run Behavior\ShowPageTraceBehavior [ RunTime:0.000332s ]
INFO: [ app_end ] --END-- [ RunTime:0.000364s ]

[ 2015-06-18T13:07:42+08:00 ] 127.0.0.1 /Admin/Login/checkCode
INFO: [ app_begin ] --START--
INFO: Run Behavior\ReadHtmlCacheBehavior [ RunTime:0.000272s ]
INFO: [ app_begin ] --END-- [ RunTime:0.000450s ]
INFO: [ app_end ] --START--
INFO: Run Behavior\ShowPageTraceBehavior [ RunTime:0.000266s ]
INFO: [ app_end ] --END-- [ RunTime:0.000294s ]

[ 2015-06-18T13:07:42+08:00 ] 127.0.0.1 /Admin/Login/checkLogin.html
ERR: Think\Model:error方法不存在！

[ 2015-06-18T13:37:46+08:00 ] 127.0.0.1 /Admin/Login/checkCode
INFO: [ app_begin ] --START--
INFO: Run Behavior\ReadHtmlCacheBehavior [ RunTime:0.000390s ]
INFO: [ app_begin ] --END-- [ RunTime:0.000650s ]
INFO: [ app_end ] --START--
INFO: Run Behavior\ShowPageTraceBehavior [ RunTime:0.000403s ]
INFO: [ app_end ] --END-- [ RunTime:0.000443s ]

[ 2015-06-18T13:40:04+08:00 ] 127.0.0.1 /Admin/Login/checkCode
INFO: [ app_begin ] --START--
INFO: Run Behavior\ReadHtmlCacheBehavior [ RunTime:0.000413s ]
INFO: [ app_begin ] --END-- [ RunTime:0.000659s ]
INFO: [ app_end ] --START--
INFO: Run Behavior\ShowPageTraceBehavior [ RunTime:0.000404s ]
INFO: [ app_end ] --END-- [ RunTime:0.000445s ]

[ 2015-06-18T13:40:17+08:00 ] 127.0.0.1 /Admin/Login/checkCode
INFO: [ app_begin ] --START--
INFO: Run Behavior\ReadHtmlCacheBehavior [ RunTime:0.000291s ]
INFO: [ app_begin ] --END-- [ RunTime:0.000512s ]
INFO: [ app_end ] --START--
INFO: Run Behavior\ShowPageTraceBehavior [ RunTime:0.000316s ]
INFO: [ app_end ] --END-- [ RunTime:0.000351s ]

[ 2015-06-18T13:41:19+08:00 ] 127.0.0.1 /Admin/Login/checkCode
INFO: [ app_begin ] --START--
INFO: Run Behavior\ReadHtmlCacheBehavior [ RunTime:0.000375s ]
INFO: [ app_begin ] --END-- [ RunTime:0.000641s ]
INFO: [ app_end ] --START--
INFO: Run Behavior\ShowPageTraceBehavior [ RunTime:0.001049s ]
INFO: [ app_end ] --END-- [ RunTime:0.001198s ]

[ 2015-06-18T13:41:33+08:00 ] 127.0.0.1 /Admin/Login/checkCode
INFO: [ app_begin ] --START--
INFO: Run Behavior\ReadHtmlCacheBehavior [ RunTime:0.000253s ]
INFO: [ app_begin ] --END-- [ RunTime:0.000429s ]
INFO: [ app_end ] --START--
INFO: Run Behavior\ShowPageTraceBehavior [ RunTime:0.000266s ]
INFO: [ app_end ] --END-- [ RunTime:0.000300s ]

[ 2015-06-18T13:46:02+08:00 ] 127.0.0.1 /Admin/Login/checkCode
INFO: [ app_begin ] --START--
INFO: Run Behavior\ReadHtmlCacheBehavior [ RunTime:0.000536s ]
INFO: [ app_begin ] --END-- [ RunTime:0.000815s ]
INFO: [ app_end ] --START--
INFO: Run Behavior\ShowPageTraceBehavior [ RunTime:0.000397s ]
INFO: [ app_end ] --END-- [ RunTime:0.000439s ]

[ 2015-06-18T13:46:14+08:00 ] 127.0.0.1 /Admin/Login/checkCode
INFO: [ app_begin ] --START--
INFO: Run Behavior\ReadHtmlCacheBehavior [ RunTime:0.000901s ]
INFO: [ app_begin ] --END-- [ RunTime:0.001931s ]
INFO: [ app_end ] --START--
INFO: Run Behavior\ShowPageTraceBehavior [ RunTime:0.001515s ]
INFO: [ app_end ] --END-- [ RunTime:0.001733s ]

[ 2015-06-18T13:49:50+08:00 ] 127.0.0.1 /Admin/Login/checkCode
INFO: [ app_begin ] --START--
INFO: Run Behavior\ReadHtmlCacheBehavior [ RunTime:0.000264s ]
INFO: [ app_begin ] --END-- [ RunTime:0.000444s ]
INFO: [ app_end ] --START--
INFO: Run Behavior\ShowPageTraceBehavior [ RunTime:0.000268s ]
INFO: [ app_end ] --END-- [ RunTime:0.000295s ]

[ 2015-06-18T13:50:03+08:00 ] 127.0.0.1 /Admin/Login/checkCode
INFO: [ app_begin ] --START--
INFO: Run Behavior\ReadHtmlCacheBehavior [ RunTime:0.000379s ]
INFO: [ app_begin ] --END-- [ RunTime:0.000640s ]
INFO: [ app_end ] --START--
INFO: Run Behavior\ShowPageTraceBehavior [ RunTime:0.000389s ]
INFO: [ app_end ] --END-- [ RunTime:0.000426s ]

[ 2015-06-18T13:54:44+08:00 ] 127.0.0.1 /Admin/Login/checkCode
INFO: [ app_begin ] --START--
INFO: Run Behavior\ReadHtmlCacheBehavior [ RunTime:0.000406s ]
INFO: [ app_begin ] --END-- [ RunTime:0.000693s ]
INFO: [ app_end ] --START--
INFO: Run Behavior\ShowPageTraceBehavior [ RunTime:0.000429s ]
INFO: [ app_end ] --END-- [ RunTime:0.000473s ]

[ 2015-06-18T13:54:48+08:00 ] 127.0.0.1 /Admin/Login/checkCode
INFO: [ app_begin ] --START--
INFO: Run Behavior\ReadHtmlCacheBehavior [ RunTime:0.000275s ]
INFO: [ app_begin ] --END-- [ RunTime:0.000463s ]
INFO: [ app_end ] --START--
INFO: Run Behavior\ShowPageTraceBehavior [ RunTime:0.000271s ]
INFO: [ app_end ] --END-- [ RunTime:0.000300s ]

[ 2015-06-18T13:55:08+08:00 ] 127.0.0.1 /Admin/Login/checkCode
INFO: [ app_begin ] --START--
INFO: Run Behavior\ReadHtmlCacheBehavior [ RunTime:0.000417s ]
INFO: [ app_begin ] --END-- [ RunTime:0.000778s ]
INFO: [ app_end ] --START--
INFO: Run Behavior\ShowPageTraceBehavior [ RunTime:0.000425s ]
INFO: [ app_end ] --END-- [ RunTime:0.000467s ]

[ 2015-06-18T13:56:05+08:00 ] 127.0.0.1 /Admin/Login/checkCode
INFO: [ app_begin ] --START--
INFO: Run Behavior\ReadHtmlCacheBehavior [ RunTime:0.000282s ]
INFO: [ app_begin ] --END-- [ RunTime:0.000475s ]
INFO: [ app_end ] --START--
INFO: Run Behavior\ShowPageTraceBehavior [ RunTime:0.000296s ]
INFO: [ app_end ] --END-- [ RunTime:0.000330s ]

[ 2015-06-18T17:24:44+08:00 ] 127.0.0.1 /index.php?m=Admin&c=Login&a=checkCode
INFO: [ app_begin ] --START--
INFO: Run Behavior\ReadHtmlCacheBehavior [ RunTime:0.000432s ]
INFO: [ app_begin ] --END-- [ RunTime:0.000740s ]
INFO: [ app_end ] --START--
INFO: Run Behavior\ShowPageTraceBehavior [ RunTime:0.000475s ]
INFO: [ app_end ] --END-- [ RunTime:0.000534s ]

[ 2015-06-18T17:38:43+08:00 ] 127.0.0.1 /index.php?m=Admin&c=Login&a=checkCode
INFO: [ app_begin ] --START--
INFO: Run Behavior\ReadHtmlCacheBehavior [ RunTime:0.000255s ]
INFO: [ app_begin ] --END-- [ RunTime:0.000433s ]
INFO: [ app_end ] --START--
INFO: Run Behavior\ShowPageTraceBehavior [ RunTime:0.000266s ]
INFO: [ app_end ] --END-- [ RunTime:0.000293s ]

[ 2015-06-18T20:29:24+08:00 ] 127.0.0.1 /index.php?m=Admin&c=Login&a=checkCode
INFO: [ app_begin ] --START--
INFO: Run Behavior\ReadHtmlCacheBehavior [ RunTime:0.000309s ]
INFO: [ app_begin ] --END-- [ RunTime:0.000521s ]
INFO: [ app_end ] --START--
INFO: Run Behavior\ShowPageTraceBehavior [ RunTime:0.000318s ]
INFO: [ app_end ] --END-- [ RunTime:0.000357s ]

[ 2015-06-18T20:29:36+08:00 ] 127.0.0.1 /index.php?m=Admin&c=Login&a=checkCode
INFO: [ app_begin ] --START--
INFO: Run Behavior\ReadHtmlCacheBehavior [ RunTime:0.000396s ]
INFO: [ app_begin ] --END-- [ RunTime:0.000682s ]
INFO: [ app_end ] --START--
INFO: Run Behavior\ShowPageTraceBehavior [ RunTime:0.000399s ]
INFO: [ app_end ] --END-- [ RunTime:0.000437s ]

[ 2015-06-18T20:30:38+08:00 ] 127.0.0.1 /index.php?m=Admin&c=Login&a=checkCode
INFO: [ app_begin ] --START--
INFO: Run Behavior\ReadHtmlCacheBehavior [ RunTime:0.000390s ]
INFO: [ app_begin ] --END-- [ RunTime:0.000649s ]
INFO: [ app_end ] --START--
INFO: Run Behavior\ShowPageTraceBehavior [ RunTime:0.000390s ]
INFO: [ app_end ] --END-- [ RunTime:0.000426s ]

[ 2015-06-18T20:34:05+08:00 ] 127.0.0.1 /index.php?m=Admin&c=Login&a=checkCode
INFO: [ app_begin ] --START--
INFO: Run Behavior\ReadHtmlCacheBehavior [ RunTime:0.000270s ]
INFO: [ app_begin ] --END-- [ RunTime:0.000451s ]
INFO: [ app_end ] --START--
INFO: Run Behavior\ShowPageTraceBehavior [ RunTime:0.000268s ]
INFO: [ app_end ] --END-- [ RunTime:0.000296s ]

[ 2015-06-18T20:38:19+08:00 ] 127.0.0.1 /index.php?m=Admin&c=Login&a=checkCode
INFO: [ app_begin ] --START--
INFO: Run Behavior\ReadHtmlCacheBehavior [ RunTime:0.000401s ]
INFO: [ app_begin ] --END-- [ RunTime:0.000681s ]
INFO: [ app_end ] --START--
INFO: Run Behavior\ShowPageTraceBehavior [ RunTime:0.000420s ]
INFO: [ app_end ] --END-- [ RunTime:0.000464s ]

[ 2015-06-18T21:22:09+08:00 ] 127.0.0.1 /index.php?m=Admin&c=Login&a=checkCode
INFO: [ app_begin ] --START--
INFO: Run Behavior\ReadHtmlCacheBehavior [ RunTime:0.000261s ]
INFO: [ app_begin ] --END-- [ RunTime:0.000436s ]
INFO: [ app_end ] --START--
INFO: Run Behavior\ShowPageTraceBehavior [ RunTime:0.000326s ]
INFO: [ app_end ] --END-- [ RunTime:0.000359s ]

[ 2015-06-18T21:25:00+08:00 ] 127.0.0.1 /index.php?m=Admin&c=Login&a=checkCode
INFO: [ app_begin ] --START--
INFO: Run Behavior\ReadHtmlCacheBehavior [ RunTime:0.000253s ]
INFO: [ app_begin ] --END-- [ RunTime:0.000426s ]
INFO: [ app_end ] --START--
INFO: Run Behavior\ShowPageTraceBehavior [ RunTime:0.000418s ]
INFO: [ app_end ] --END-- [ RunTime:0.000461s ]

[ 2015-06-18T21:25:15+08:00 ] 127.0.0.1 /index.php?m=Admin&c=Login&a=checkCode
INFO: [ app_begin ] --START--
INFO: Run Behavior\ReadHtmlCacheBehavior [ RunTime:0.000256s ]
INFO: [ app_begin ] --END-- [ RunTime:0.000431s ]
INFO: [ app_end ] --START--
INFO: Run Behavior\ShowPageTraceBehavior [ RunTime:0.000267s ]
INFO: [ app_end ] --END-- [ RunTime:0.000295s ]

[ 2015-06-18T21:25:15+08:00 ] 127.0.0.1 /index.php?m=Admin&c=Login&a=code/1434633915713
ERR: 非法操作:code/1434633915713

[ 2015-06-18T21:25:19+08:00 ] 127.0.0.1 /index.php?m=Admin&c=Login&a=code/1434633919070
ERR: 非法操作:code/1434633919070

[ 2015-06-18T21:25:27+08:00 ] 127.0.0.1 /index.php?m=Admin&c=Login&a=code/1434633927299
ERR: 非法操作:code/1434633927299

[ 2015-06-18T21:25:31+08:00 ] 127.0.0.1 /index.php?m=Admin&c=Login&a=code/1434633931424
ERR: 非法操作:code/1434633931424

[ 2015-06-18T21:25:39+08:00 ] 127.0.0.1 /index.php?m=Admin&c=Login&a=code/1434633939388
ERR: 非法操作:code/1434633939388

[ 2015-06-18T21:25:42+08:00 ] 127.0.0.1 /index.php?m=Admin&c=Login&a=code/1434633942393
ERR: 非法操作:code/1434633942393

[ 2015-06-18T21:26:33+08:00 ] 127.0.0.1 /index.php?m=Admin&c=Login&a=code/1434633942393
ERR: 非法操作:code/1434633942393

[ 2015-06-18T21:27:11+08:00 ] 127.0.0.1 /index.php?m=Admin&c=Login&a=code/1434634031628
ERR: 非法操作:code/1434634031628

[ 2015-06-18T21:28:09+08:00 ] 127.0.0.1 /index.php?m=Admin&c=Login&a=code/1434634089614
ERR: 非法操作:code/1434634089614

[ 2015-06-18T21:28:10+08:00 ] 127.0.0.1 /index.php?m=Admin&c=Login&a=code/1434634090298
ERR: 非法操作:code/1434634090298

[ 2015-06-18T21:28:10+08:00 ] 127.0.0.1 /index.php?m=Admin&c=Login&a=code/1434634090971
ERR: 非法操作:code/1434634090971

[ 2015-06-18T21:28:11+08:00 ] 127.0.0.1 /index.php?m=Admin&c=Login&a=code/1434634091567
ERR: 非法操作:code/1434634091567

[ 2015-06-18T21:29:35+08:00 ] 127.0.0.1 /index.php?m=Admin&c=Login&a=code/1434634091567
ERR: 非法操作:code/1434634091567

[ 2015-06-18T21:33:35+08:00 ] 127.0.0.1 /index.php?m=Admin&c=Login&a=checkCode
INFO: [ app_begin ] --START--
INFO: Run Behavior\ReadHtmlCacheBehavior [ RunTime:0.000454s ]
INFO: [ app_begin ] --END-- [ RunTime:0.000781s ]
INFO: [ app_end ] --START--
INFO: Run Behavior\ShowPageTraceBehavior [ RunTime:0.000702s ]
INFO: [ app_end ] --END-- [ RunTime:0.000819s ]

[ 2015-06-18T21:34:08+08:00 ] 127.0.0.1 /index.php?m=Admin&c=Login&a=checkCode
INFO: [ app_begin ] --START--
INFO: Run Behavior\ReadHtmlCacheBehavior [ RunTime:0.001363s ]
INFO: [ app_begin ] --END-- [ RunTime:0.001804s ]
INFO: [ app_end ] --START--
INFO: Run Behavior\ShowPageTraceBehavior [ RunTime:0.000767s ]
INFO: [ app_end ] --END-- [ RunTime:0.000882s ]

[ 2015-06-18T22:26:55+08:00 ] 127.0.0.1 /index.php?m=Admin&c=Login&a=checkCode
INFO: [ app_begin ] --START--
INFO: Run Behavior\ReadHtmlCacheBehavior [ RunTime:0.000256s ]
INFO: [ app_begin ] --END-- [ RunTime:0.000429s ]
INFO: [ app_end ] --START--
INFO: Run Behavior\ShowPageTraceBehavior [ RunTime:0.000265s ]
INFO: [ app_end ] --END-- [ RunTime:0.000292s ]

[ 2015-06-18T22:34:55+08:00 ] 127.0.0.1 /index.php?m=Admin&c=Login&a=login_out
ERR: SQLSTATE[23000]: Integrity constraint violation: 1048 Column 'user_name' cannot be null

[ 2015-06-18T22:35:49+08:00 ] 127.0.0.1 /index.php?m=Admin&c=Login&a=login_out
ERR: SQLSTATE[23000]: Integrity constraint violation: 1048 Column 'user_name' cannot be null

[ 2015-06-18T22:35:50+08:00 ] 127.0.0.1 /index.php?m=Admin&c=Login&a=login_out
ERR: SQLSTATE[23000]: Integrity constraint violation: 1048 Column 'user_name' cannot be null

[ 2015-06-18T22:35:52+08:00 ] 127.0.0.1 /index.php?m=Admin&c=Login&a=login_out
ERR: SQLSTATE[23000]: Integrity constraint violation: 1048 Column 'user_name' cannot be null

[ 2015-06-18T23:32:20+08:00 ] 127.0.0.1 /index.php?m=Admin&c=Login&a=code/1434641540048
ERR: 非法操作:code/1434641540048

[ 2015-06-18T23:32:21+08:00 ] 127.0.0.1 /index.php?m=Admin&c=Login&a=code/1434641541329
ERR: 非法操作:code/1434641541329

[ 2015-06-18T23:32:22+08:00 ] 127.0.0.1 /index.php?m=Admin&c=Login&a=code/1434641542280
ERR: 非法操作:code/1434641542280

[ 2015-06-18T23:32:22+08:00 ] 127.0.0.1 /index.php?m=Admin&c=Login&a=code/1434641542532
ERR: 非法操作:code/1434641542532

[ 2015-06-18T23:32:22+08:00 ] 127.0.0.1 /index.php?m=Admin&c=Login&a=code/1434641542746
ERR: 非法操作:code/1434641542746

[ 2015-06-18T23:32:25+08:00 ] 127.0.0.1 /index.php?m=Admin&c=Login&a=code/1434641545818
ERR: 非法操作:code/1434641545818

[ 2015-06-18T23:33:58+08:00 ] 127.0.0.1 /index.php?m=Admin&c=Login&a=code/
ERR: 非法操作:code/

[ 2015-06-18T23:34:46+08:00 ] 127.0.0.1 /index.php?m=Admin&c=Login&a=code/1434641686016
ERR: 非法操作:code/1434641686016

[ 2015-06-18T23:34:54+08:00 ] 127.0.0.1 /index.php?m=Admin&c=Login&a=code/1434641694741
ERR: 非法操作:code/1434641694741

[ 2015-06-18T23:36:50+08:00 ] 127.0.0.1 /index.php?m=Admin&c=Login&a=code0.3661180741619319
ERR: 非法操作:code0.3661180741619319

[ 2015-06-18T23:38:04+08:00 ] 127.0.0.1 /index.php?m=Admin&c=Login&a=code0.632023342885077
ERR: 非法操作:code0.632023342885077

[ 2015-06-18T23:54:29+08:00 ] 127.0.0.1 /index.php?m=Admin&c=Login&a=checkCode
INFO: [ app_begin ] --START--
INFO: Run Behavior\ReadHtmlCacheBehavior [ RunTime:0.000251s ]
INFO: [ app_begin ] --END-- [ RunTime:0.000426s ]
INFO: [ app_end ] --START--
INFO: Run Behavior\ShowPageTraceBehavior [ RunTime:0.000265s ]
INFO: [ app_end ] --END-- [ RunTime:0.000292s ]

