[ 2015-06-28T10:51:40+08:00 ] 127.0.0.1 /index.php?m=Admin&c=Setting&a=user_del
INFO: [ app_begin ] --START--
INFO: Run Behavior\ReadHtmlCacheBehavior [ RunTime:0.000426s ]
INFO: [ app_begin ] --END-- [ RunTime:0.000710s ]
SQL: SHOW COLUMNS FROM `think_user` [ RunTime:0.0101s ]
SQL: SELECT `status` FROM `think_user` WHERE `id` = 1 LIMIT 1   [ RunTime:0.0002s ]
ERR: SQLSTATE[42000]: Syntax error or access violation: 1064 You have an error in your SQL syntax; check the manual that corresponds to your MySQL server version for the right syntax to use near ')' at line 1

[ 2015-06-28T10:52:06+08:00 ] 127.0.0.1 /index.php?m=Admin&c=Setting&a=user_del
INFO: [ app_begin ] --START--
INFO: Run Behavior\ReadHtmlCacheBehavior [ RunTime:0.000400s ]
INFO: [ app_begin ] --END-- [ RunTime:0.000682s ]
SQL: SHOW COLUMNS FROM `think_user` [ RunTime:0.0188s ]
SQL: SELECT `status` FROM `think_user` WHERE `id` = 1 LIMIT 1   [ RunTime:0.0004s ]
ERR: SQLSTATE[42000]: Syntax error or access violation: 1064 You have an error in your SQL syntax; check the manual that corresponds to your MySQL server version for the right syntax to use near ')' at line 1

[ 2015-06-28T10:52:15+08:00 ] 127.0.0.1 /index.php?m=Admin&c=Setting&a=user_del
ERR: SQLSTATE[42000]: Syntax error or access violation: 1064 You have an error in your SQL syntax; check the manual that corresponds to your MySQL server version for the right syntax to use near ')' at line 1

[ 2015-06-28T10:53:35+08:00 ] 127.0.0.1 /index.php?m=Admin&c=Setting&a=user_del
ERR: SQLSTATE[42000]: Syntax error or access violation: 1064 You have an error in your SQL syntax; check the manual that corresponds to your MySQL server version for the right syntax to use near ')' at line 1

[ 2015-06-28T10:54:02+08:00 ] 127.0.0.1 /index.php?m=Admin&c=Setting&a=user_del
ERR: SQLSTATE[42000]: Syntax error or access violation: 1064 You have an error in your SQL syntax; check the manual that corresponds to your MySQL server version for the right syntax to use near ')' at line 1

[ 2015-06-28T10:55:57+08:00 ] 127.0.0.1 /index.php?m=Admin&c=Setting&a=user_del
ERR: SQLSTATE[42000]: Syntax error or access violation: 1064 You have an error in your SQL syntax; check the manual that corresponds to your MySQL server version for the right syntax to use near ')' at line 1

[ 2015-06-28T10:55:59+08:00 ] 127.0.0.1 /index.php?m=Admin&c=Setting&a=user_del
ERR: SQLSTATE[42000]: Syntax error or access violation: 1064 You have an error in your SQL syntax; check the manual that corresponds to your MySQL server version for the right syntax to use near ')' at line 1

[ 2015-06-28T10:56:21+08:00 ] 127.0.0.1 /index.php?m=Admin&c=Setting&a=user_del
ERR: SQLSTATE[42000]: Syntax error or access violation: 1064 You have an error in your SQL syntax; check the manual that corresponds to your MySQL server version for the right syntax to use near ')' at line 1

[ 2015-06-28T11:01:12+08:00 ] 127.0.0.1 /index.php?m=Admin&c=Setting&a=user_del
INFO: [ app_begin ] --START--
INFO: Run Behavior\ReadHtmlCacheBehavior [ RunTime:0.000256s ]
INFO: [ app_begin ] --END-- [ RunTime:0.000453s ]
SQL: SHOW COLUMNS FROM `think_user` [ RunTime:0.0101s ]
SQL: SELECT `status` FROM `think_user` WHERE `id` = 1 LIMIT 1   [ RunTime:0.0002s ]
SQL: DELETE FROM `think_user` WHERE ( id=22 ) [ RunTime:0.0003s ]
SQL: SHOW COLUMNS FROM `think_auth_group_access` [ RunTime:0.0014s ]
NOTIC: [2] Illegal offset type in isset or empty /Users/zhibo/ki35/ThinkPHP/Library/Think/Model.class.php 第 511 行.
SQL: DELETE FROM `think_auth_group_access` WHERE ( uid=22 ) [ RunTime:0.0001s ]
INFO: [ app_end ] --START--
INFO: Run Behavior\ShowPageTraceBehavior [ RunTime:0.000337s ]
INFO: [ app_end ] --END-- [ RunTime:0.000366s ]

[ 2015-06-28T11:02:15+08:00 ] 127.0.0.1 /index.php?m=Admin&c=Setting&a=user_del
INFO: [ app_begin ] --START--
INFO: Run Behavior\ReadHtmlCacheBehavior [ RunTime:0.000259s ]
INFO: [ app_begin ] --END-- [ RunTime:0.000438s ]
SQL: SHOW COLUMNS FROM `think_user` [ RunTime:0.0113s ]
SQL: SELECT `status` FROM `think_user` WHERE `id` = 1 LIMIT 1   [ RunTime:0.0002s ]
SQL: DELETE FROM `think_user` WHERE ( id=26 ) [ RunTime:0.0021s ]
SQL: SHOW COLUMNS FROM `think_auth_group_access` [ RunTime:0.0024s ]
NOTIC: [2] Illegal offset type in isset or empty /Users/zhibo/ki35/ThinkPHP/Library/Think/Model.class.php 第 511 行.
SQL: DELETE FROM `think_auth_group_access` WHERE ( uid=26 ) [ RunTime:0.0006s ]
INFO: [ app_end ] --START--
INFO: Run Behavior\ShowPageTraceBehavior [ RunTime:0.000729s ]
INFO: [ app_end ] --END-- [ RunTime:0.000788s ]

[ 2015-06-28T11:02:15+08:00 ] 127.0.0.1 /index.php?m=Admin&c=Setting&a=user_del
INFO: [ app_begin ] --START--
INFO: Run Behavior\ReadHtmlCacheBehavior [ RunTime:0.000388s ]
INFO: [ app_begin ] --END-- [ RunTime:0.000662s ]
SQL: SHOW COLUMNS FROM `think_user` [ RunTime:0.0200s ]
SQL: SELECT `status` FROM `think_user` WHERE `id` = 1 LIMIT 1   [ RunTime:0.0002s ]
SQL: DELETE FROM `think_user` WHERE ( id=26 ) [ RunTime:0.0001s ]
INFO: [ app_end ] --START--
INFO: Run Behavior\ShowPageTraceBehavior [ RunTime:0.000366s ]
INFO: [ app_end ] --END-- [ RunTime:0.000395s ]

[ 2015-06-28T11:03:48+08:00 ] 127.0.0.1 /index.php?m=Admin&c=Setting&a=user_del
INFO: [ app_begin ] --START--
INFO: Run Behavior\ReadHtmlCacheBehavior [ RunTime:0.000292s ]
INFO: [ app_begin ] --END-- [ RunTime:0.000475s ]
SQL: SHOW COLUMNS FROM `think_user` [ RunTime:0.0093s ]
SQL: SELECT `status` FROM `think_user` WHERE `id` = 1 LIMIT 1   [ RunTime:0.0005s ]
SQL: DELETE FROM `think_user` WHERE ( id=27 ) [ RunTime:0.0009s ]
SQL: SHOW COLUMNS FROM `think_auth_group_access` [ RunTime:0.0024s ]
NOTIC: [2] Illegal offset type in isset or empty /Users/zhibo/ki35/ThinkPHP/Library/Think/Model.class.php 第 511 行.
SQL: DELETE FROM `think_auth_group_access` WHERE ( uid=27 ) [ RunTime:0.0002s ]
INFO: [ app_end ] --START--
INFO: Run Behavior\ShowPageTraceBehavior [ RunTime:0.000326s ]
INFO: [ app_end ] --END-- [ RunTime:0.000354s ]

[ 2015-06-28T11:05:59+08:00 ] 127.0.0.1 /index.php?m=Admin&c=Setting&a=user_del
INFO: [ app_begin ] --START--
INFO: Run Behavior\ReadHtmlCacheBehavior [ RunTime:0.000469s ]
INFO: [ app_begin ] --END-- [ RunTime:0.000733s ]
SQL: SHOW COLUMNS FROM `think_user` [ RunTime:0.0102s ]
SQL: SELECT `status` FROM `think_user` WHERE `id` = 1 LIMIT 1   [ RunTime:0.0003s ]
SQL: DELETE FROM `think_user` WHERE ( id=10 ) [ RunTime:0.0022s ]
SQL: SHOW COLUMNS FROM `think_auth_group_access` [ RunTime:0.0023s ]
NOTIC: [2] Illegal offset type in isset or empty /Users/zhibo/ki35/ThinkPHP/Library/Think/Model.class.php 第 511 行.
SQL: DELETE FROM `think_auth_group_access` WHERE ( uid=10 ) [ RunTime:0.0004s ]
INFO: [ app_end ] --START--
INFO: Run Behavior\ShowPageTraceBehavior [ RunTime:0.000579s ]
INFO: [ app_end ] --END-- [ RunTime:0.000617s ]

[ 2015-06-28T11:05:59+08:00 ] 127.0.0.1 /index.php?m=Admin&c=Setting&a=user_del
INFO: [ app_begin ] --START--
INFO: Run Behavior\ReadHtmlCacheBehavior [ RunTime:0.000252s ]
INFO: [ app_begin ] --END-- [ RunTime:0.000431s ]
SQL: SHOW COLUMNS FROM `think_user` [ RunTime:0.0037s ]
SQL: SELECT `status` FROM `think_user` WHERE `id` = 1 LIMIT 1   [ RunTime:0.0003s ]
SQL: DELETE FROM `think_user` WHERE ( id=10 ) [ RunTime:0.0001s ]
INFO: [ app_end ] --START--
INFO: Run Behavior\ShowPageTraceBehavior [ RunTime:0.000952s ]
INFO: [ app_end ] --END-- [ RunTime:0.001108s ]

[ 2015-06-28T11:06:44+08:00 ] 127.0.0.1 /index.php?m=Admin&c=Setting&a=user_del
INFO: [ app_begin ] --START--
INFO: Run Behavior\ReadHtmlCacheBehavior [ RunTime:0.000253s ]
INFO: [ app_begin ] --END-- [ RunTime:0.000438s ]
SQL: SHOW COLUMNS FROM `think_user` [ RunTime:0.0118s ]
SQL: SELECT `status` FROM `think_user` WHERE `id` = 1 LIMIT 1   [ RunTime:0.0002s ]
SQL: DELETE FROM `think_user` WHERE ( id=16 ) [ RunTime:0.0007s ]
SQL: SHOW COLUMNS FROM `think_auth_group_access` [ RunTime:0.0019s ]
NOTIC: [2] Illegal offset type in isset or empty /Users/zhibo/ki35/ThinkPHP/Library/Think/Model.class.php 第 511 行.
SQL: DELETE FROM `think_auth_group_access` WHERE ( uid=16 ) [ RunTime:0.0005s ]
INFO: [ app_end ] --START--
INFO: Run Behavior\ShowPageTraceBehavior [ RunTime:0.000434s ]
INFO: [ app_end ] --END-- [ RunTime:0.000477s ]

[ 2015-06-28T20:28:51+08:00 ] 127.0.0.1 /index.php?m=Admin&c=User&a=checkUser
INFO: [ app_begin ] --START--
INFO: Run Behavior\ReadHtmlCacheBehavior [ RunTime:0.000418s ]
INFO: [ app_begin ] --END-- [ RunTime:0.000638s ]
SQL: SHOW COLUMNS FROM `think_user` [ RunTime:0.0070s ]
SQL: SELECT `status` FROM `think_user` WHERE `id` = 1 LIMIT 1   [ RunTime:0.0002s ]
SQL: SHOW COLUMNS FROM `think_user` [ RunTime:0.0038s ]
SQL: SELECT * FROM `think_user` WHERE `user_name` = 'dsfdsfgg' LIMIT 1   [ RunTime:0.0030s ]
INFO: [ app_end ] --START--
INFO: Run Behavior\ShowPageTraceBehavior [ RunTime:0.000560s ]
INFO: [ app_end ] --END-- [ RunTime:0.000636s ]

[ 2015-06-28T21:30:20+08:00 ] 127.0.0.1 /Admin/Setting/manager/order/id+desc/page/2.html
ERR: SQLSTATE[42000]: Syntax error or access violation: 1064 You have an error in your SQL syntax; check the manual that corresponds to your MySQL server version for the right syntax to use near 'desc ASC LIMIT 6,6' at line 1

[ 2015-06-28T21:30:47+08:00 ] 127.0.0.1 /Admin/Setting/manager/order/reg_time+desc/page/2.html
ERR: SQLSTATE[42000]: Syntax error or access violation: 1064 You have an error in your SQL syntax; check the manual that corresponds to your MySQL server version for the right syntax to use near 'desc ASC LIMIT 6,6' at line 1

