[ 2015-06-27T11:24:37+08:00 ] 127.0.0.1 /index.php?m=Admin&c=User&a=checkUser
INFO: [ app_begin ] --START--
INFO: Run Behavior\ReadHtmlCacheBehavior [ RunTime:0.001854s ]
INFO: [ app_begin ] --END-- [ RunTime:0.002452s ]
SQL: SHOW COLUMNS FROM `think_user` [ RunTime:0.0055s ]
SQL: SELECT `status` FROM `think_user` WHERE `id` = 1 LIMIT 1   [ RunTime:0.0002s ]
SQL: SHOW COLUMNS FROM `think_user` [ RunTime:0.0017s ]
SQL: SELECT * FROM `think_user` WHERE `user_name` = 'admin' LIMIT 1   [ RunTime:0.0032s ]
INFO: [ app_end ] --START--
INFO: Run Behavior\ShowPageTraceBehavior [ RunTime:0.000552s ]
INFO: [ app_end ] --END-- [ RunTime:0.000608s ]

[ 2015-06-27T11:24:42+08:00 ] 127.0.0.1 /index.php?m=Admin&c=User&a=checkUser
INFO: [ app_begin ] --START--
INFO: Run Behavior\ReadHtmlCacheBehavior [ RunTime:0.000266s ]
INFO: [ app_begin ] --END-- [ RunTime:0.000457s ]
SQL: SHOW COLUMNS FROM `think_user` [ RunTime:0.0096s ]
SQL: SELECT `status` FROM `think_user` WHERE `id` = 1 LIMIT 1   [ RunTime:0.0002s ]
SQL: SHOW COLUMNS FROM `think_user` [ RunTime:0.0012s ]
SQL: SELECT * FROM `think_user` WHERE `user_name` = 'bawos' LIMIT 1   [ RunTime:0.0002s ]
INFO: [ app_end ] --START--
INFO: Run Behavior\ShowPageTraceBehavior [ RunTime:0.000351s ]
INFO: [ app_end ] --END-- [ RunTime:0.000383s ]

[ 2015-06-27T12:28:02+08:00 ] 127.0.0.1 /index.php?m=Admin&c=User&a=checkUser
INFO: [ app_begin ] --START--
INFO: Run Behavior\ReadHtmlCacheBehavior [ RunTime:0.000409s ]
INFO: [ app_begin ] --END-- [ RunTime:0.000720s ]
SQL: SHOW COLUMNS FROM `think_user` [ RunTime:0.0105s ]
SQL: SELECT `status` FROM `think_user` WHERE `id` = 1 LIMIT 1   [ RunTime:0.0002s ]
SQL: SHOW COLUMNS FROM `think_user` [ RunTime:0.0013s ]
SQL: SELECT * FROM `think_user` WHERE `user_name` = 'admin' LIMIT 1   [ RunTime:0.0003s ]
INFO: [ app_end ] --START--
INFO: Run Behavior\ShowPageTraceBehavior [ RunTime:0.000491s ]
INFO: [ app_end ] --END-- [ RunTime:0.000535s ]

[ 2015-06-27T16:35:38+08:00 ] 127.0.0.1 /index.php?m=Admin&c=User&a=checkUser
INFO: [ app_begin ] --START--
INFO: Run Behavior\ReadHtmlCacheBehavior [ RunTime:0.000598s ]
INFO: [ app_begin ] --END-- [ RunTime:0.001017s ]
SQL: SHOW COLUMNS FROM `think_user` [ RunTime:0.0041s ]
SQL: SELECT `status` FROM `think_user` WHERE `id` = 1 LIMIT 1   [ RunTime:0.0007s ]
SQL: SHOW COLUMNS FROM `think_user` [ RunTime:0.0040s ]
SQL: SELECT * FROM `think_user` WHERE `user_name` = 'admin' LIMIT 1   [ RunTime:0.0003s ]
INFO: [ app_end ] --START--
INFO: Run Behavior\ShowPageTraceBehavior [ RunTime:0.000350s ]
INFO: [ app_end ] --END-- [ RunTime:0.000380s ]

[ 2015-06-27T18:14:55+08:00 ] 127.0.0.1 /index.php?m=Admin&c=Login&a=checkCode
INFO: [ app_begin ] --START--
INFO: Run Behavior\ReadHtmlCacheBehavior [ RunTime:0.000395s ]
INFO: [ app_begin ] --END-- [ RunTime:0.000681s ]
INFO: [ app_end ] --START--
INFO: Run Behavior\ShowPageTraceBehavior [ RunTime:0.000422s ]
INFO: [ app_end ] --END-- [ RunTime:0.000470s ]

[ 2015-06-27T20:40:49+08:00 ] 127.0.0.1 /index.php?m=Admin&c=Setting&a=manager&page=1
ERR: SQLSTATE[42S02]: Base table or view not found: 1146 Table 'cms.__user__' doesn't exist

[ 2015-06-27T21:11:28+08:00 ] 127.0.0.1 /index.php?m=Admin&c=Setting&a=manager&page=1
ERR: SQLSTATE[42S22]: Column not found: 1054 Unknown column 'AuthGroupAccess.id' in 'on clause'

[ 2015-06-27T21:18:45+08:00 ] 127.0.0.1 /index.php?m=Admin&c=User&a=checkUser
INFO: [ app_begin ] --START--
INFO: Run Behavior\ReadHtmlCacheBehavior [ RunTime:0.002011s ]
INFO: [ app_begin ] --END-- [ RunTime:0.002313s ]
SQL: SHOW COLUMNS FROM `think_user` [ RunTime:0.0024s ]
SQL: SELECT `status` FROM `think_user` WHERE `id` = 1 LIMIT 1   [ RunTime:0.0029s ]
SQL: SHOW COLUMNS FROM `think_user` [ RunTime:0.0031s ]
SQL: SELECT * FROM `think_user` WHERE `user_name` = 'badcc' LIMIT 1   [ RunTime:0.0013s ]
INFO: [ app_end ] --START--
INFO: Run Behavior\ShowPageTraceBehavior [ RunTime:0.001214s ]
INFO: [ app_end ] --END-- [ RunTime:0.001378s ]

