[ 2015-06-29T11:25:20+08:00 ] 127.0.0.1 /index.php/Admin/AuthGroup/checkRole.html
INFO: [ app_begin ] --START--
INFO: Run Behavior\ReadHtmlCacheBehavior [ RunTime:0.000441s ]
INFO: [ app_begin ] --END-- [ RunTime:0.000721s ]
SQL: SHOW COLUMNS FROM `think_user` [ RunTime:0.0127s ]
SQL: SELECT `status` FROM `think_user` WHERE `id` = 1 LIMIT 1   [ RunTime:0.0007s ]
SQL: SHOW COLUMNS FROM `think_auth_group` [ RunTime:0.0039s ]
SQL: SELECT * FROM `think_auth_group` WHERE `title` = '网站创始员' LIMIT 1   [ RunTime:0.0009s ]
INFO: [ app_end ] --START--
INFO: Run Behavior\ShowPageTraceBehavior [ RunTime:0.000761s ]
INFO: [ app_end ] --END-- [ RunTime:0.001623s ]

[ 2015-06-29T11:25:22+08:00 ] 127.0.0.1 /index.php/Admin/AuthGroup/checkRole.html
INFO: [ app_begin ] --START--
INFO: Run Behavior\ReadHtmlCacheBehavior [ RunTime:0.000488s ]
INFO: [ app_begin ] --END-- [ RunTime:0.000796s ]
SQL: SHOW COLUMNS FROM `think_user` [ RunTime:0.0097s ]
SQL: SELECT `status` FROM `think_user` WHERE `id` = 1 LIMIT 1   [ RunTime:0.0002s ]
SQL: SHOW COLUMNS FROM `think_auth_group` [ RunTime:0.0018s ]
SQL: SELECT * FROM `think_auth_group` WHERE `title` = '网站创始员1' LIMIT 1   [ RunTime:0.0002s ]
INFO: [ app_end ] --START--
INFO: Run Behavior\ShowPageTraceBehavior [ RunTime:0.000479s ]
INFO: [ app_end ] --END-- [ RunTime:0.000520s ]

[ 2015-06-29T11:25:45+08:00 ] 127.0.0.1 /index.php/Admin/AuthGroup/checkRole.html
INFO: [ app_begin ] --START--
INFO: Run Behavior\ReadHtmlCacheBehavior [ RunTime:0.000436s ]
INFO: [ app_begin ] --END-- [ RunTime:0.000730s ]
SQL: SHOW COLUMNS FROM `think_user` [ RunTime:0.0193s ]
SQL: SELECT `status` FROM `think_user` WHERE `id` = 1 LIMIT 1   [ RunTime:0.0004s ]
SQL: SHOW COLUMNS FROM `think_auth_group` [ RunTime:0.0171s ]
SQL: SELECT * FROM `think_auth_group` WHERE `title` = '网站创始员2' LIMIT 1   [ RunTime:0.0010s ]
INFO: [ app_end ] --START--
INFO: Run Behavior\ShowPageTraceBehavior [ RunTime:0.000911s ]
INFO: [ app_end ] --END-- [ RunTime:0.001085s ]

[ 2015-06-29T11:26:21+08:00 ] 127.0.0.1 /index.php/Admin/AuthGroup/checkRole.html
INFO: [ app_begin ] --START--
INFO: Run Behavior\ReadHtmlCacheBehavior [ RunTime:0.000595s ]
INFO: [ app_begin ] --END-- [ RunTime:0.000899s ]
SQL: SHOW COLUMNS FROM `think_user` [ RunTime:0.0133s ]
SQL: SELECT `status` FROM `think_user` WHERE `id` = 1 LIMIT 1   [ RunTime:0.0005s ]
SQL: SHOW COLUMNS FROM `think_auth_group` [ RunTime:0.0040s ]
SQL: SELECT * FROM `think_auth_group` WHERE `title` = '网站创始员55' LIMIT 1   [ RunTime:0.0005s ]
INFO: [ app_end ] --START--
INFO: Run Behavior\ShowPageTraceBehavior [ RunTime:0.000739s ]
INFO: [ app_end ] --END-- [ RunTime:0.000820s ]

[ 2015-06-29T11:29:10+08:00 ] 127.0.0.1 /index.php/Admin/User/checkUser.html
INFO: [ app_begin ] --START--
INFO: Run Behavior\ReadHtmlCacheBehavior [ RunTime:0.000279s ]
INFO: [ app_begin ] --END-- [ RunTime:0.000452s ]
SQL: SHOW COLUMNS FROM `think_user` [ RunTime:0.0011s ]
SQL: SELECT `status` FROM `think_user` WHERE `id` = 1 LIMIT 1   [ RunTime:0.0002s ]
SQL: SHOW COLUMNS FROM `think_user` [ RunTime:0.0014s ]
SQL: SELECT * FROM `think_user` WHERE `user_name` = 'admin' LIMIT 1   [ RunTime:0.0002s ]
INFO: [ app_end ] --START--
INFO: Run Behavior\ShowPageTraceBehavior [ RunTime:0.000351s ]
INFO: [ app_end ] --END-- [ RunTime:0.000385s ]

[ 2015-06-29T11:29:10+08:00 ] 127.0.0.1 /index.php/Admin/User/checkUser.html
INFO: [ app_begin ] --START--
INFO: Run Behavior\ReadHtmlCacheBehavior [ RunTime:0.000327s ]
INFO: [ app_begin ] --END-- [ RunTime:0.000604s ]
SQL: SHOW COLUMNS FROM `think_user` [ RunTime:0.0095s ]
SQL: SELECT `status` FROM `think_user` WHERE `id` = 1 LIMIT 1   [ RunTime:0.0002s ]
SQL: SHOW COLUMNS FROM `think_user` [ RunTime:0.0018s ]
SQL: SELECT * FROM `think_user` WHERE `user_name` = 'admin3' LIMIT 1   [ RunTime:0.0002s ]
INFO: [ app_end ] --START--
INFO: Run Behavior\ShowPageTraceBehavior [ RunTime:0.000326s ]
INFO: [ app_end ] --END-- [ RunTime:0.000353s ]

[ 2015-06-29T11:29:10+08:00 ] 127.0.0.1 /index.php/Admin/User/checkUser.html
INFO: [ app_begin ] --START--
INFO: Run Behavior\ReadHtmlCacheBehavior [ RunTime:0.000308s ]
INFO: [ app_begin ] --END-- [ RunTime:0.000572s ]
SQL: SHOW COLUMNS FROM `think_user` [ RunTime:0.0105s ]
SQL: SELECT `status` FROM `think_user` WHERE `id` = 1 LIMIT 1   [ RunTime:0.0002s ]
SQL: SHOW COLUMNS FROM `think_user` [ RunTime:0.0016s ]
SQL: SELECT * FROM `think_user` WHERE `user_name` = 'admin33' LIMIT 1   [ RunTime:0.0002s ]
INFO: [ app_end ] --START--
INFO: Run Behavior\ShowPageTraceBehavior [ RunTime:0.000310s ]
INFO: [ app_end ] --END-- [ RunTime:0.000338s ]

[ 2015-06-29T11:29:11+08:00 ] 127.0.0.1 /index.php/Admin/User/checkUser.html
INFO: [ app_begin ] --START--
INFO: Run Behavior\ReadHtmlCacheBehavior [ RunTime:0.000307s ]
INFO: [ app_begin ] --END-- [ RunTime:0.000484s ]
SQL: SHOW COLUMNS FROM `think_user` [ RunTime:0.0084s ]
SQL: SELECT `status` FROM `think_user` WHERE `id` = 1 LIMIT 1   [ RunTime:0.0003s ]
SQL: SHOW COLUMNS FROM `think_user` [ RunTime:0.0023s ]
SQL: SELECT * FROM `think_user` WHERE `user_name` = 'admin333' LIMIT 1   [ RunTime:0.0002s ]
INFO: [ app_end ] --START--
INFO: Run Behavior\ShowPageTraceBehavior [ RunTime:0.000347s ]
INFO: [ app_end ] --END-- [ RunTime:0.000379s ]

[ 2015-06-29T11:33:57+08:00 ] 127.0.0.1 /index.php/Admin/AuthGroup/checkRole.html
INFO: [ app_begin ] --START--
INFO: Run Behavior\ReadHtmlCacheBehavior [ RunTime:0.000411s ]
INFO: [ app_begin ] --END-- [ RunTime:0.000700s ]
SQL: SHOW COLUMNS FROM `think_user` [ RunTime:0.0241s ]
SQL: SELECT `status` FROM `think_user` WHERE `id` = 1 LIMIT 1   [ RunTime:0.0003s ]
SQL: SHOW COLUMNS FROM `think_auth_group` [ RunTime:0.0052s ]
SQL: SELECT * FROM `think_auth_group` WHERE `title` = '管理员2222' LIMIT 1   [ RunTime:0.0009s ]
INFO: [ app_end ] --START--
INFO: Run Behavior\ShowPageTraceBehavior [ RunTime:0.001195s ]
INFO: [ app_end ] --END-- [ RunTime:0.001334s ]

[ 2015-06-29T11:34:41+08:00 ] 127.0.0.1 /index.php/Admin/AuthGroup/checkRole.html
INFO: [ app_begin ] --START--
INFO: Run Behavior\ReadHtmlCacheBehavior [ RunTime:0.000439s ]
INFO: [ app_begin ] --END-- [ RunTime:0.000884s ]
SQL: SHOW COLUMNS FROM `think_user` [ RunTime:0.0311s ]
SQL: SELECT `status` FROM `think_user` WHERE `id` = 1 LIMIT 1   [ RunTime:0.0016s ]
SQL: SHOW COLUMNS FROM `think_auth_group` [ RunTime:0.0070s ]
SQL: SELECT * FROM `think_auth_group` WHERE `title` = '超级管理员555' LIMIT 1   [ RunTime:0.0007s ]
INFO: [ app_end ] --START--
INFO: Run Behavior\ShowPageTraceBehavior [ RunTime:0.000593s ]
INFO: [ app_end ] --END-- [ RunTime:0.000661s ]

[ 2015-06-29T12:07:07+08:00 ] 127.0.0.1 /index.php/Admin/AuthGroup/checkRole.html
INFO: [ app_begin ] --START--
INFO: Run Behavior\ReadHtmlCacheBehavior [ RunTime:0.000488s ]
INFO: [ app_begin ] --END-- [ RunTime:0.000950s ]
SQL: SHOW COLUMNS FROM `think_user` [ RunTime:0.0019s ]
SQL: SELECT `status` FROM `think_user` WHERE `id` = 1 LIMIT 1   [ RunTime:0.0002s ]
SQL: SHOW COLUMNS FROM `think_auth_group` [ RunTime:0.0039s ]
SQL: SELECT * FROM `think_auth_group` WHERE `title` = '超级管理员' LIMIT 1   [ RunTime:0.0008s ]
INFO: [ app_end ] --START--
INFO: Run Behavior\ShowPageTraceBehavior [ RunTime:0.000924s ]
INFO: [ app_end ] --END-- [ RunTime:0.001040s ]

[ 2015-06-29T12:07:09+08:00 ] 127.0.0.1 /index.php/Admin/AuthGroup/checkRole.html
INFO: [ app_begin ] --START--
INFO: Run Behavior\ReadHtmlCacheBehavior [ RunTime:0.000242s ]
INFO: [ app_begin ] --END-- [ RunTime:0.000415s ]
SQL: SHOW COLUMNS FROM `think_user` [ RunTime:0.0099s ]
SQL: SELECT `status` FROM `think_user` WHERE `id` = 1 LIMIT 1   [ RunTime:0.0002s ]
SQL: SHOW COLUMNS FROM `think_auth_group` [ RunTime:0.0018s ]
SQL: SELECT * FROM `think_auth_group` WHERE `title` = '超级管理员4' LIMIT 1   [ RunTime:0.0002s ]
INFO: [ app_end ] --START--
INFO: Run Behavior\ShowPageTraceBehavior [ RunTime:0.000329s ]
INFO: [ app_end ] --END-- [ RunTime:0.000358s ]

[ 2015-06-29T12:07:09+08:00 ] 127.0.0.1 /index.php/Admin/AuthGroup/checkRole.html
INFO: [ app_begin ] --START--
INFO: Run Behavior\ReadHtmlCacheBehavior [ RunTime:0.000242s ]
INFO: [ app_begin ] --END-- [ RunTime:0.000414s ]
SQL: SHOW COLUMNS FROM `think_user` [ RunTime:0.0097s ]
SQL: SELECT `status` FROM `think_user` WHERE `id` = 1 LIMIT 1   [ RunTime:0.0002s ]
SQL: SHOW COLUMNS FROM `think_auth_group` [ RunTime:0.0013s ]
SQL: SELECT * FROM `think_auth_group` WHERE `title` = '超级管理员43' LIMIT 1   [ RunTime:0.0002s ]
INFO: [ app_end ] --START--
INFO: Run Behavior\ShowPageTraceBehavior [ RunTime:0.000336s ]
INFO: [ app_end ] --END-- [ RunTime:0.000365s ]

[ 2015-06-29T12:07:43+08:00 ] 127.0.0.1 /index.php/Admin/AuthGroup/checkRole.html
INFO: [ app_begin ] --START--
INFO: Run Behavior\ReadHtmlCacheBehavior [ RunTime:0.000712s ]
INFO: [ app_begin ] --END-- [ RunTime:0.001313s ]
SQL: SHOW COLUMNS FROM `think_user` [ RunTime:0.0246s ]
SQL: SELECT `status` FROM `think_user` WHERE `id` = 1 LIMIT 1   [ RunTime:0.0006s ]
SQL: SHOW COLUMNS FROM `think_auth_group` [ RunTime:0.0131s ]
SQL: SELECT * FROM `think_auth_group` WHERE `title` = 'bafdfdf' LIMIT 1   [ RunTime:0.0006s ]
INFO: [ app_end ] --START--
INFO: Run Behavior\ShowPageTraceBehavior [ RunTime:0.000911s ]
INFO: [ app_end ] --END-- [ RunTime:0.001053s ]

[ 2015-06-29T12:40:23+08:00 ] 127.0.0.1 /index.php/Admin/AuthGroup/checkRole.html
INFO: [ app_begin ] --START--
INFO: Run Behavior\ReadHtmlCacheBehavior [ RunTime:0.000311s ]
INFO: [ app_begin ] --END-- [ RunTime:0.000536s ]
SQL: SHOW COLUMNS FROM `think_user` [ RunTime:0.0023s ]
SQL: SELECT `status` FROM `think_user` WHERE `id` = 1 LIMIT 1   [ RunTime:0.0003s ]
SQL: SHOW COLUMNS FROM `think_auth_group` [ RunTime:0.0042s ]
SQL: SELECT * FROM `think_auth_group` WHERE `title` = '超级管理员' LIMIT 1   [ RunTime:0.0006s ]
INFO: [ app_end ] --START--
INFO: Run Behavior\ShowPageTraceBehavior [ RunTime:0.000802s ]
INFO: [ app_end ] --END-- [ RunTime:0.000914s ]

[ 2015-06-29T12:40:28+08:00 ] 127.0.0.1 /index.php/Admin/AuthGroup/checkRole.html
INFO: [ app_begin ] --START--
INFO: Run Behavior\ReadHtmlCacheBehavior [ RunTime:0.000334s ]
INFO: [ app_begin ] --END-- [ RunTime:0.000572s ]
SQL: SHOW COLUMNS FROM `think_user` [ RunTime:0.0100s ]
SQL: SELECT `status` FROM `think_user` WHERE `id` = 1 LIMIT 1   [ RunTime:0.0007s ]
SQL: SHOW COLUMNS FROM `think_auth_group` [ RunTime:0.0014s ]
SQL: SELECT * FROM `think_auth_group` WHERE `title` = '超级管理员f' LIMIT 1   [ RunTime:0.0002s ]
INFO: [ app_end ] --START--
INFO: Run Behavior\ShowPageTraceBehavior [ RunTime:0.000362s ]
INFO: [ app_end ] --END-- [ RunTime:0.000394s ]

[ 2015-06-29T12:40:29+08:00 ] 127.0.0.1 /index.php/Admin/AuthGroup/checkRole.html
INFO: [ app_begin ] --START--
INFO: Run Behavior\ReadHtmlCacheBehavior [ RunTime:0.000344s ]
INFO: [ app_begin ] --END-- [ RunTime:0.000554s ]
SQL: SHOW COLUMNS FROM `think_user` [ RunTime:0.0095s ]
SQL: SELECT `status` FROM `think_user` WHERE `id` = 1 LIMIT 1   [ RunTime:0.0002s ]
SQL: SHOW COLUMNS FROM `think_auth_group` [ RunTime:0.0015s ]
SQL: SELECT * FROM `think_auth_group` WHERE `title` = '超级管理员fd' LIMIT 1   [ RunTime:0.0002s ]
INFO: [ app_end ] --START--
INFO: Run Behavior\ShowPageTraceBehavior [ RunTime:0.000496s ]
INFO: [ app_end ] --END-- [ RunTime:0.000534s ]

[ 2015-06-29T12:44:50+08:00 ] 127.0.0.1 /index.php/Admin/User/checkUser.html
INFO: [ app_begin ] --START--
INFO: Run Behavior\ReadHtmlCacheBehavior [ RunTime:0.000340s ]
INFO: [ app_begin ] --END-- [ RunTime:0.000535s ]
SQL: SHOW COLUMNS FROM `think_user` [ RunTime:0.0018s ]
SQL: SELECT `status` FROM `think_user` WHERE `id` = 1 LIMIT 1   [ RunTime:0.0002s ]
SQL: SHOW COLUMNS FROM `think_user` [ RunTime:0.0016s ]
SQL: SELECT * FROM `think_user` WHERE `user_name` = 'wpsjomode' LIMIT 1   [ RunTime:0.0002s ]
INFO: [ app_end ] --START--
INFO: Run Behavior\ShowPageTraceBehavior [ RunTime:0.000359s ]
INFO: [ app_end ] --END-- [ RunTime:0.000389s ]

[ 2015-06-29T12:46:06+08:00 ] 127.0.0.1 /index.php/Admin/Setting/%3C%7B%7D%3E
ERR: 非法操作:

[ 2015-06-29T12:49:31+08:00 ] 127.0.0.1 /index.php/Admin/AuthRule/
ERR: 非法操作:index

[ 2015-06-29T14:20:24+08:00 ] 127.0.0.1 /index.php/Admin/Setting/node_add.html
ERR: XML标签语法错误 : condition="$vo['pid']==0

